2024-09-16 00:46:55.140 INFO [main] [Horse.<init>(Horse.java:16)] - ERROR Horse: Name is null
2024-09-16 00:46:55.150 INFO [main] [Horse.<init>(Horse.java:16)] - ERROR Horse: Name is null
2024-09-16 00:46:55.152 INFO [main] [Horse.<init>(Horse.java:23)] - ERROR Horse: Speed is negative
2024-09-16 00:46:55.160 INFO [main] [Horse.<init>(Horse.java:35)] - DEBUG Horse: створення Horse, ім'я [HorseName], швидкість [0.0]
2024-09-16 00:46:55.182 INFO [main] [Horse.<init>(Horse.java:19)] - ERROR Horse: Name is blank
2024-09-16 00:46:55.186 INFO [main] [Horse.<init>(Horse.java:19)] - ERROR Horse: Name is blank
2024-09-16 00:46:55.189 INFO [main] [Horse.<init>(Horse.java:19)] - ERROR Horse: Name is blank
2024-09-16 00:46:55.191 INFO [main] [Horse.<init>(Horse.java:19)] - ERROR Horse: Name is blank
2024-09-16 00:46:55.192 INFO [main] [Horse.<init>(Horse.java:19)] - ERROR Horse: Name is blank
2024-09-16 00:46:55.194 INFO [main] [Horse.<init>(Horse.java:35)] - DEBUG Horse: створення Horse, ім'я [HorseName], швидкість [0.0]
2024-09-16 00:46:55.195 INFO [main] [Horse.<init>(Horse.java:27)] - ERROR Horse: Distance is negative
2024-09-16 00:46:55.196 INFO [main] [Horse.<init>(Horse.java:35)] - DEBUG Horse: створення Horse, ім'я [HorseName], швидкість [0.0]
2024-09-16 00:46:55.199 INFO [main] [Horse.<init>(Horse.java:35)] - DEBUG Horse: створення Horse, ім'я [HorseName], швидкість [2.0]
2024-09-16 00:46:55.855 INFO [main] [Horse.<init>(Horse.java:35)] - DEBUG Horse: створення Horse, ім'я [HorseName], швидкість [2.0]
2024-09-16 00:46:55.860 INFO [main] [Horse.<init>(Horse.java:35)] - DEBUG Horse: створення Horse, ім'я [HorseName], швидкість [2.0]
2024-09-16 00:46:55.863 INFO [main] [Horse.<init>(Horse.java:35)] - DEBUG Horse: створення Horse, ім'я [HorseName], швидкість [0.0]
2024-09-16 00:46:55.865 INFO [main] [Horse.<init>(Horse.java:35)] - DEBUG Horse: створення Horse, ім'я [HorseName], швидкість [0.0]
2024-09-16 00:46:55.881 INFO [main] [Hippodrome.<init>(Hippodrome.java:21)] - ERROR Hippodrome: Horses list is empty
2024-09-16 00:46:55.884 INFO [main] [Horse.<init>(Horse.java:35)] - DEBUG Horse: створення Horse, ім'я [NameHorse0], швидкість [0.0]
2024-09-16 00:46:55.884 INFO [main] [Horse.<init>(Horse.java:35)] - DEBUG Horse: створення Horse, ім'я [NameHorse1], швидкість [1.0]
2024-09-16 00:46:55.885 INFO [main] [Horse.<init>(Horse.java:35)] - DEBUG Horse: створення Horse, ім'я [NameHorse2], швидкість [2.0]
2024-09-16 00:46:55.885 INFO [main] [Horse.<init>(Horse.java:35)] - DEBUG Horse: створення Horse, ім'я [NameHorse3], швидкість [3.0]
2024-09-16 00:46:55.885 INFO [main] [Horse.<init>(Horse.java:35)] - DEBUG Horse: створення Horse, ім'я [NameHorse4], швидкість [4.0]
2024-09-16 00:46:55.885 INFO [main] [Horse.<init>(Horse.java:35)] - DEBUG Horse: створення Horse, ім'я [NameHorse5], швидкість [5.0]
2024-09-16 00:46:55.885 INFO [main] [Horse.<init>(Horse.java:35)] - DEBUG Horse: створення Horse, ім'я [NameHorse6], швидкість [6.0]
2024-09-16 00:46:55.886 INFO [main] [Horse.<init>(Horse.java:35)] - DEBUG Horse: створення Horse, ім'я [NameHorse7], швидкість [7.0]
2024-09-16 00:46:55.886 INFO [main] [Horse.<init>(Horse.java:35)] - DEBUG Horse: створення Horse, ім'я [NameHorse8], швидкість [8.0]
2024-09-16 00:46:55.886 INFO [main] [Horse.<init>(Horse.java:35)] - DEBUG Horse: створення Horse, ім'я [NameHorse9], швидкість [9.0]
2024-09-16 00:46:55.886 INFO [main] [Horse.<init>(Horse.java:35)] - DEBUG Horse: створення Horse, ім'я [NameHorse10], швидкість [10.0]
2024-09-16 00:46:55.887 INFO [main] [Horse.<init>(Horse.java:35)] - DEBUG Horse: створення Horse, ім'я [NameHorse11], швидкість [11.0]
2024-09-16 00:46:55.887 INFO [main] [Horse.<init>(Horse.java:35)] - DEBUG Horse: створення Horse, ім'я [NameHorse12], швидкість [12.0]
2024-09-16 00:46:55.887 INFO [main] [Horse.<init>(Horse.java:35)] - DEBUG Horse: створення Horse, ім'я [NameHorse13], швидкість [13.0]
2024-09-16 00:46:55.888 INFO [main] [Horse.<init>(Horse.java:35)] - DEBUG Horse: створення Horse, ім'я [NameHorse14], швидкість [14.0]
2024-09-16 00:46:55.888 INFO [main] [Horse.<init>(Horse.java:35)] - DEBUG Horse: створення Horse, ім'я [NameHorse15], швидкість [15.0]
2024-09-16 00:46:55.889 INFO [main] [Horse.<init>(Horse.java:35)] - DEBUG Horse: створення Horse, ім'я [NameHorse16], швидкість [16.0]
2024-09-16 00:46:55.889 INFO [main] [Horse.<init>(Horse.java:35)] - DEBUG Horse: створення Horse, ім'я [NameHorse17], швидкість [17.0]
2024-09-16 00:46:55.890 INFO [main] [Horse.<init>(Horse.java:35)] - DEBUG Horse: створення Horse, ім'я [NameHorse18], швидкість [18.0]
2024-09-16 00:46:55.890 INFO [main] [Horse.<init>(Horse.java:35)] - DEBUG Horse: створення Horse, ім'я [NameHorse19], швидкість [19.0]
2024-09-16 00:46:55.890 INFO [main] [Horse.<init>(Horse.java:35)] - DEBUG Horse: створення Horse, ім'я [NameHorse20], швидкість [20.0]
2024-09-16 00:46:55.890 INFO [main] [Horse.<init>(Horse.java:35)] - DEBUG Horse: створення Horse, ім'я [NameHorse21], швидкість [21.0]
2024-09-16 00:46:55.891 INFO [main] [Horse.<init>(Horse.java:35)] - DEBUG Horse: створення Horse, ім'я [NameHorse22], швидкість [22.0]
2024-09-16 00:46:55.891 INFO [main] [Horse.<init>(Horse.java:35)] - DEBUG Horse: створення Horse, ім'я [NameHorse23], швидкість [23.0]
2024-09-16 00:46:55.891 INFO [main] [Horse.<init>(Horse.java:35)] - DEBUG Horse: створення Horse, ім'я [NameHorse24], швидкість [24.0]
2024-09-16 00:46:55.891 INFO [main] [Hippodrome.<init>(Hippodrome.java:26)] - DEBUG Hippodrome: створення Hippodrome, коней [25]
2024-09-16 00:46:55.893 INFO [main] [Horse.<init>(Horse.java:35)] - DEBUG Horse: створення Horse, ім'я [NameHorse], швидкість [3.0]
2024-09-16 00:46:55.894 INFO [main] [Horse.<init>(Horse.java:35)] - DEBUG Horse: створення Horse, ім'я [NameHorse1], швидкість [2.0]
2024-09-16 00:46:55.894 INFO [main] [Horse.<init>(Horse.java:35)] - DEBUG Horse: створення Horse, ім'я [NameHorse2], швидкість [1.0]
2024-09-16 00:46:55.894 INFO [main] [Hippodrome.<init>(Hippodrome.java:26)] - DEBUG Hippodrome: створення Hippodrome, коней [3]
2024-09-16 00:46:55.897 INFO [main] [Hippodrome.<init>(Hippodrome.java:18)] - ERROR Hippodrome: Horses list is null
2024-09-16 00:46:55.945 INFO [main] [Hippodrome.<init>(Hippodrome.java:26)] - DEBUG Hippodrome: створення Hippodrome, коней [50]
